Fatal Python error: initsite: Failed to import the site module
Traceback (most recent call last):
  File "<frozen importlib._bootstrap_external>", line 1219, in _path_importer_cache
KeyError: '/Users/kunyang/Library/Python/3.7/lib/python/site-packages/termcolor-1.1.0-py3.7.egg'

During handling of the above exception, another exception occurred:

Traceback (most recent call last):
  File "/Library/Frameworks/Python.framework/Versions/3.7/lib/python3.7/site.py", line 586, in <module>
    main()
  File "/Library/Frameworks/Python.framework/Versions/3.7/lib/python3.7/site.py", line 579, in main
    execsitecustomize()
  File "/Library/Frameworks/Python.framework/Versions/3.7/lib/python3.7/site.py", line 518, in execsitecustomize
    import sitecustomize
  File "<frozen importlib._bootstrap>", line 983, in _find_and_load
  File "<frozen importlib._bootstrap>", line 963, in _find_and_load_unlocked
  File "<frozen importlib._bootstrap>", line 906, in _find_spec
  File "<frozen importlib._bootstrap_external>", line 1280, in find_spec
  File "<frozen importlib._bootstrap_external>", line 1249, in _get_spec
  File "<frozen importlib._bootstrap_external>", line 1221, in _path_importer_cache
  File "<frozen importlib._bootstrap_external>", line 1197, in _path_hooks
KeyboardInterrupt
